0 info it worked if it ends with ok
1 verbose cli [ 'C:\\Program Files\\nodejs\\node.exe',
1 verbose cli   'C:\\Program Files\\nodejs\\node_modules\\npm\\bin\\npm-cli.js',
1 verbose cli   'start' ]
2 info using npm@3.10.8
3 info using node@v6.9.1
4 verbose run-script [ 'prestart', 'start', 'poststart' ]
5 info lifecycle consumption-tracker@0.0.0~prestart: consumption-tracker@0.0.0
6 verbose lifecycle consumption-tracker@0.0.0~prestart: unsafe-perm in lifecycle true
7 verbose lifecycle consumption-tracker@0.0.0~prestart: PATH: C:\Program Files\nodejs\node_modules\npm\bin\node-gyp-bin;C:\Users\Stephen\Documents\GitHub\final-project-consumption-tracker\node_modules\.bin;C:\Users\Stephen\AppData\Roaming\npm;C:\Program Files\nodejs\;c:\program files (x86)\intel\icls client\;c:\program files\intel\icls client\;c:\windows\system32;c:\windows;c:\windows\system32\wbem;c:\windows\system32\windowspowershell\v1.0\;c:\program files (x86)\ati technologies\ati.ace\core-static;c:\program files (x86)\intel\intel(r) management engine components\dal;c:\program files\intel\intel(r) management engine components\dal;c:\program files (x86)\intel\intel(r) management engine components\ipt;c:\program files\intel\intel(r) management engine components\ipt;C:\Program Files (x86)\NVIDIA Corporation\PhysX\Common;C:\Program Files\nodejs\;C:\Users\Stephen\AppData\Local\Microsoft\WindowsApps;C:\Users\Stephen\AppData\Local\atom\bin;C:\Users\Stephen\AppData\Roaming\npm
8 verbose lifecycle consumption-tracker@0.0.0~prestart: CWD: C:\Users\Stephen\Documents\GitHub\final-project-consumption-tracker
9 silly lifecycle consumption-tracker@0.0.0~prestart: Args: [ '/d /s /c', 'npm run build' ]
10 silly lifecycle consumption-tracker@0.0.0~prestart: Returned: code: 0  signal: null
11 info lifecycle consumption-tracker@0.0.0~start: consumption-tracker@0.0.0
12 verbose lifecycle consumption-tracker@0.0.0~start: unsafe-perm in lifecycle true
13 verbose lifecycle consumption-tracker@0.0.0~start: PATH: C:\Program Files\nodejs\node_modules\npm\bin\node-gyp-bin;C:\Users\Stephen\Documents\GitHub\final-project-consumption-tracker\node_modules\.bin;C:\Users\Stephen\AppData\Roaming\npm;C:\Program Files\nodejs\;c:\program files (x86)\intel\icls client\;c:\program files\intel\icls client\;c:\windows\system32;c:\windows;c:\windows\system32\wbem;c:\windows\system32\windowspowershell\v1.0\;c:\program files (x86)\ati technologies\ati.ace\core-static;c:\program files (x86)\intel\intel(r) management engine components\dal;c:\program files\intel\intel(r) management engine components\dal;c:\program files (x86)\intel\intel(r) management engine components\ipt;c:\program files\intel\intel(r) management engine components\ipt;C:\Program Files (x86)\NVIDIA Corporation\PhysX\Common;C:\Program Files\nodejs\;C:\Users\Stephen\AppData\Local\Microsoft\WindowsApps;C:\Users\Stephen\AppData\Local\atom\bin;C:\Users\Stephen\AppData\Roaming\npm
14 verbose lifecycle consumption-tracker@0.0.0~start: CWD: C:\Users\Stephen\Documents\GitHub\final-project-consumption-tracker
15 silly lifecycle consumption-tracker@0.0.0~start: Args: [ '/d /s /c', 'node server.js' ]
16 silly lifecycle consumption-tracker@0.0.0~start: Returned: code: 3221225786  signal: null
17 info lifecycle consumption-tracker@0.0.0~start: Failed to exec start script
18 verbose stack Error: consumption-tracker@0.0.0 start: `node server.js`
18 verbose stack Exit status 3221225786
18 verbose stack     at EventEmitter.<anonymous> (C:\Program Files\nodejs\node_modules\npm\lib\utils\lifecycle.js:255:16)
18 verbose stack     at emitTwo (events.js:106:13)
18 verbose stack     at EventEmitter.emit (events.js:191:7)
18 verbose stack     at ChildProcess.<anonymous> (C:\Program Files\nodejs\node_modules\npm\lib\utils\spawn.js:40:14)
18 verbose stack     at emitTwo (events.js:106:13)
18 verbose stack     at ChildProcess.emit (events.js:191:7)
18 verbose stack     at maybeClose (internal/child_process.js:877:16)
18 verbose stack     at Process.ChildProcess._handle.onexit (internal/child_process.js:226:5)
19 verbose pkgid consumption-tracker@0.0.0
20 verbose cwd C:\Users\Stephen\Documents\GitHub\final-project-consumption-tracker
21 error Windows_NT 10.0.14393
22 error argv "C:\\Program Files\\nodejs\\node.exe" "C:\\Program Files\\nodejs\\node_modules\\npm\\bin\\npm-cli.js" "start"
23 error node v6.9.1
24 error npm  v3.10.8
25 error code ELIFECYCLE
26 error consumption-tracker@0.0.0 start: `node server.js`
26 error Exit status 3221225786
27 error Failed at the consumption-tracker@0.0.0 start script 'node server.js'.
27 error Make sure you have the latest version of node.js and npm installed.
27 error If you do, this is most likely a problem with the consumption-tracker package,
27 error not with npm itself.
27 error Tell the author that this fails on your system:
27 error     node server.js
27 error You can get information on how to open an issue for this project with:
27 error     npm bugs consumption-tracker
27 error Or if that isn't available, you can get their info via:
27 error     npm owner ls consumption-tracker
27 error There is likely additional logging output above.
28 verbose exit [ 1, true ]
